<?xml version="1.0" encoding="UTF-8"?>
<coverage generated="1702331372027" clover="3.2.0">
  <project timestamp="1702331372027" name="All files">
    <metrics statements="42" coveredstatements="40" conditionals="28" coveredconditionals="27" methods="9" coveredmethods="9" elements="79" coveredelements="76" complexity="0" loc="42" ncloc="42" packages="1" files="1" classes="1"/>
    <file name="app.js" path="C:\L.D.VINCI\bloc2\devops_project\devops-mini-proj-tdd-greetings\src\app.js">
      <metrics statements="42" coveredstatements="40" conditionals="28" coveredconditionals="27" methods="9" coveredmethods="9"/>
      <line num="2" count="10" type="cond" truecount="2" falsecount="0"/>
      <line num="3" count="5" type="stmt"/>
      <line num="7" count="5" type="stmt"/>
      <line num="9" count="5" type="cond" truecount="2" falsecount="0"/>
      <line num="10" count="3" type="stmt"/>
      <line num="12" count="2" type="stmt"/>
      <line num="13" count="2" type="stmt"/>
      <line num="15" count="5" type="cond" truecount="2" falsecount="0"/>
      <line num="16" count="2" type="cond" truecount="2" falsecount="0"/>
      <line num="18" count="1" type="stmt"/>
      <line num="22" count="5" type="stmt"/>
      <line num="23" count="15" type="cond" truecount="3" falsecount="0"/>
      <line num="27" count="5" type="stmt"/>
      <line num="28" count="15" type="cond" truecount="3" falsecount="0"/>
      <line num="33" count="7" type="stmt"/>
      <line num="34" count="7" type="stmt"/>
      <line num="35" count="7" type="stmt"/>
      <line num="36" count="7" type="stmt"/>
      <line num="37" count="7" type="stmt"/>
      <line num="38" count="7" type="cond" truecount="2" falsecount="0"/>
      <line num="39" count="1" type="stmt"/>
      <line num="40" count="1" type="stmt"/>
      <line num="42" count="7" type="cond" truecount="1" falsecount="1"/>
      <line num="43" count="0" type="stmt"/>
      <line num="44" count="0" type="stmt"/>
      <line num="46" count="7" type="cond" truecount="2" falsecount="0"/>
      <line num="47" count="2" type="stmt"/>
      <line num="49" count="7" type="cond" truecount="2" falsecount="0"/>
      <line num="50" count="1" type="stmt"/>
      <line num="52" count="6" type="stmt"/>
      <line num="53" count="13" type="cond" truecount="2" falsecount="0"/>
      <line num="54" count="6" type="stmt"/>
      <line num="55" count="7" type="cond" truecount="2" falsecount="0"/>
      <line num="56" count="1" type="stmt"/>
      <line num="58" count="6" type="stmt"/>
      <line num="63" count="2" type="stmt"/>
      <line num="64" count="2" type="stmt"/>
      <line num="65" count="2" type="stmt"/>
      <line num="66" count="2" type="stmt"/>
      <line num="70" count="5" type="cond" truecount="2" falsecount="0"/>
      <line num="73" count="39" type="stmt"/>
      <line num="76" count="1" type="stmt"/>
    </file>
  </project>
</coverage>
