TN:
SF:src\app.js
FN:1,greet
FN:21,filterInLower
FN:23,(anonymous_2)
FN:26,filterInUpper
FN:28,(anonymous_4)
FN:32,handleArray
FN:62,lowerToUpper
FN:69,isIllegalArgument
FN:72,isUpper
FNF:9
FNH:9
FNDA:10,greet
FNDA:5,filterInLower
FNDA:15,(anonymous_2)
FNDA:5,filterInUpper
FNDA:15,(anonymous_4)
FNDA:7,handleArray
FNDA:2,lowerToUpper
FNDA:5,isIllegalArgument
FNDA:39,isUpper
DA:2,10
DA:3,5
DA:7,5
DA:9,5
DA:10,3
DA:12,2
DA:13,2
DA:15,5
DA:16,2
DA:18,1
DA:22,5
DA:23,15
DA:27,5
DA:28,15
DA:33,7
DA:34,7
DA:35,7
DA:36,7
DA:37,7
DA:38,7
DA:39,1
DA:40,1
DA:42,7
DA:43,0
DA:44,0
DA:46,7
DA:47,2
DA:49,7
DA:50,1
DA:52,6
DA:53,13
DA:54,6
DA:55,7
DA:56,1
DA:58,6
DA:63,2
DA:64,2
DA:65,2
DA:66,2
DA:70,5
DA:73,39
DA:76,1
LF:42
LH:40
BRDA:2,0,0,5
BRDA:2,0,1,5
BRDA:9,1,0,3
BRDA:9,1,1,2
BRDA:15,2,0,3
BRDA:15,2,1,2
BRDA:16,3,0,1
BRDA:16,3,1,1
BRDA:23,4,0,15
BRDA:23,4,1,12
BRDA:23,4,2,11
BRDA:28,5,0,15
BRDA:28,5,1,3
BRDA:28,5,2,3
BRDA:38,6,0,1
BRDA:38,6,1,6
BRDA:42,7,0,0
BRDA:42,7,1,7
BRDA:46,8,0,2
BRDA:46,8,1,5
BRDA:49,9,0,1
BRDA:49,9,1,6
BRDA:53,10,0,6
BRDA:53,10,1,7
BRDA:55,11,0,1
BRDA:55,11,1,6
BRDA:70,12,0,5
BRDA:70,12,1,3
BRF:28
BRH:27
end_of_record
